<?xml version="1.0" encoding="UTF-8"?>
<!-- Generated by org.testng.reporters.JUnitXMLReporter -->
<testsuite ignored="0" hostname="DESKTOP-2RN20U1" failures="0" tests="6" name="Test" time="5.003" errors="0" timestamp="2024-02-24T21:52:44 BDT">
  <testcase classname="listeners.TestNgListenerDemo" name="test2" time="4.821"/>
  <testcase classname="listeners.TestNgListenerDemo" name="test3" time="0.012">
    <skipped/>
  </testcase> <!-- test3 -->
  <testcase classname="listeners.TestNgListenerDemo" name="test1" time="0.003"/>
  <testcase classname="listeners.TestNgListenerDemo2" name="test4" time="0.003"/>
  <testcase classname="listeners.TestNgListenerDemo2" name="test5" time="0.006"/>
  <testcase classname="listeners.TestNgListenerDemo2" name="test6" time="0.009">
    <skipped/>
  </testcase> <!-- test6 -->
</testsuite> <!-- Test -->
