<?xml version="1.0" encoding="UTF-8"?>
<!-- Generated by org.testng.reporters.JUnitXMLReporter -->
<testsuite ignored="1" hostname="DESKTOP-2RN20U1" failures="1" tests="2" name="Default test(failed)" time="0.137" errors="0" timestamp="2024-03-03T15:12:13 BDT">
  <testcase classname="demo.TestNGRetestTryDemo" name="test2" time="0.019"/>
  <testcase classname="demo.TestNGRetestTryDemo" name="test3" time="0.016">
    <failure type="java.lang.AssertionError" message="expected [true] but found [false]">
      <![CDATA[java.lang.AssertionError: expected [true] but found [false]
at demo.TestNGRetestTryDemo.test3(TestNGRetestTryDemo.java:24)
at java.base/java.util.ArrayList.forEach(ArrayList.java:1596)
... Removed 29 stack frames]]>
    </failure>
  </testcase> <!-- test3 -->
  <testcase classname="demo.TestNGRetestTryDemo" name="test1" time="0.0">
    <ignored/>
  </testcase> <!-- test1 -->
</testsuite> <!-- Default test(failed) -->
