<?xml version="1.0" encoding="UTF-8"?>
<testng-results ignored="0" total="1" passed="1" failed="0" skipped="0">
  <reporter-output>
  </reporter-output>
  <suite started-at="2024-03-03T23:38:12 BDT" name="Default suite" finished-at="2024-03-03T23:40:26 BDT" duration-ms="134411">
    <groups>
    </groups>
    <test started-at="2024-03-03T23:38:12 BDT" name="Default test" finished-at="2024-03-03T23:40:26 BDT" duration-ms="134411">
      <class name="demo.TestNgRecordDemo">
        <test-method is-config="true" signature="setUp()[pri:0, instance:demo.TestNgRecordDemo@1573f9fc]" started-at="2024-03-03T23:38:12 BDT" name="setUp" finished-at="2024-03-03T23:38:16 BDT" duration-ms="3805" status="PASS">
          <reporter-output>
          </reporter-output>
        </test-method> <!-- setUp -->
        <test-method signature="testUntitledTestCase()[pri:0, instance:demo.TestNgRecordDemo@1573f9fc]" started-at="2024-03-03T23:38:16 BDT" name="testUntitledTestCase" finished-at="2024-03-03T23:40:25 BDT" duration-ms="129849" status="PASS">
          <reporter-output>
          </reporter-output>
        </test-method> <!-- testUntitledTestCase -->
        <test-method is-config="true" signature="tearDown()[pri:0, instance:demo.TestNgRecordDemo@1573f9fc]" started-at="2024-03-03T23:40:25 BDT" name="tearDown" finished-at="2024-03-03T23:40:26 BDT" duration-ms="664" status="PASS">
          <reporter-output>
          </reporter-output>
        </test-method> <!-- tearDown -->
      </class> <!-- demo.TestNgRecordDemo -->
    </test> <!-- Default test -->
  </suite> <!-- Default suite -->
</testng-results>
